(11/11/2023 22:51:54) [ Warning ] : 不推薦使用預設的內部通訊賬號密碼(s1/p1), 建議進行更換.
(11/12/2023 01:32:33) [ Warning ] : 不推薦使用預設的內部通訊賬號密碼(s1/p1), 建議進行更換.
(11/12/2023 22:10:16) [ Warning ] : 不推薦使用預設的內部通訊賬號密碼(s1/p1), 建議進行更換.
(11/12/2023 22:10:16) [ SQL Error ] : Access denied for user 'root'@'localhost' (using password: YES)
(11/12/2023 22:10:16) [ Error ] : Couldn't connect with username = 'root', host = '127.0.0.1', port = '3306', database = 'main'
(11/12/2023 22:10:16) [ Debug ] : at C:\SeverCode\Giraffe_easy_code\src\char\inter.cpp:1007
(11/12/2023 22:10:31) [ Warning ] : 不推薦使用預設的內部通訊賬號密碼(s1/p1), 建議進行更換.
(11/12/2023 22:10:31) [ SQL Error ] : Access denied for user 'root'@'localhost' (using password: YES)
(11/12/2023 22:10:31) [ Error ] : Couldn't connect with username = 'root', host = '127.0.0.1', port = '3306', database = 'main'
(11/12/2023 22:10:31) [ Debug ] : at C:\SeverCode\Giraffe_easy_code\src\char\inter.cpp:1007
(11/12/2023 22:10:45) [ Warning ] : 不推薦使用預設的內部通訊賬號密碼(s1/p1), 建議進行更換.
(11/12/2023 22:10:45) [ SQL Error ] : Access denied for user 'root'@'localhost' (using password: YES)
(11/12/2023 22:10:45) [ Error ] : Couldn't connect with username = 'root', host = '127.0.0.1', port = '3306', database = 'main'
(11/12/2023 22:10:45) [ Debug ] : at C:\SeverCode\Giraffe_easy_code\src\char\inter.cpp:1007
(11/12/2023 22:11:27) [ Warning ] : 不推薦使用預設的內部通訊賬號密碼(s1/p1), 建議進行更換.
(11/12/2023 22:11:27) [ SQL Error ] : Access denied for user 'root'@'localhost' (using password: YES)
(11/12/2023 22:11:27) [ Error ] : Couldn't connect with username = 'root', host = '127.0.0.1', port = '3306', database = 'main'
(11/12/2023 22:11:27) [ Debug ] : at C:\SeverCode\Giraffe_easy_code\src\char\inter.cpp:1007
(11/12/2023 22:11:54) [ Warning ] : 不推薦使用預設的內部通訊賬號密碼(s1/p1), 建議進行更換.
(11/12/2023 22:11:54) [ SQL Error ] : Access denied for user 'root'@'localhost' (using password: YES)
(11/12/2023 22:11:54) [ Error ] : Couldn't connect with username = 'root', host = '127.0.0.1', port = '3306', database = 'main'
(11/12/2023 22:11:54) [ Debug ] : at C:\SeverCode\Giraffe_easy_code\src\char\inter.cpp:1007
(11/12/2023 22:12:08) [ Warning ] : 不推薦使用預設的內部通訊賬號密碼(s1/p1), 建議進行更換.
(11/12/2023 22:12:08) [ SQL Error ] : Access denied for user 'root'@'localhost' (using password: YES)
(11/12/2023 22:12:08) [ Error ] : Couldn't connect with username = 'root', host = '127.0.0.1', port = '3306', database = 'main'
(11/12/2023 22:12:08) [ Debug ] : at C:\SeverCode\Giraffe_easy_code\src\char\inter.cpp:1007
(11/12/2023 22:16:34) [ Warning ] : 不推薦使用預設的內部通訊賬號密碼(s1/p1), 建議進行更換.
(11/12/2023 22:16:34) [ SQL Error ] : Access denied for user 'root'@'localhost' (using password: YES)
(11/12/2023 22:16:34) [ Error ] : Couldn't connect with username = 'root', host = '127.0.0.1', port = '3306', database = 'main'
(11/12/2023 22:16:34) [ Debug ] : at C:\SeverCode\Giraffe_easy_code\src\char\inter.cpp:1007
(11/12/2023 22:16:49) [ Warning ] : 不推薦使用預設的內部通訊賬號密碼(s1/p1), 建議進行更換.
(11/12/2023 22:16:49) [ SQL Error ] : Access denied for user 'root'@'localhost' (using password: YES)
(11/12/2023 22:16:49) [ Error ] : Couldn't connect with username = 'root', host = '127.0.0.1', port = '3306', database = 'main'
(11/12/2023 22:16:49) [ Debug ] : at C:\SeverCode\Giraffe_easy_code\src\char\inter.cpp:1007
(11/12/2023 22:17:04) [ Warning ] : 不推薦使用預設的內部通訊賬號密碼(s1/p1), 建議進行更換.
(11/12/2023 22:17:04) [ SQL Error ] : Access denied for user 'root'@'localhost' (using password: YES)
(11/12/2023 22:17:04) [ Error ] : Couldn't connect with username = 'root', host = '127.0.0.1', port = '3306', database = 'main'
(11/12/2023 22:17:04) [ Debug ] : at C:\SeverCode\Giraffe_easy_code\src\char\inter.cpp:1007
(11/12/2023 22:19:06) [ Warning ] : 不推薦使用預設的內部通訊賬號密碼(s1/p1), 建議進行更換.
(11/12/2023 22:19:17) [ Error ] : 連線失敗 (套接字 #2, 經過 10 秒等待, 已被判定為超時)!
(11/12/2023 22:19:28) [ Error ] : 連線失敗 (套接字 #2, 經過 10 秒等待, 已被判定為超時)!
(11/12/2023 22:19:39) [ Error ] : 連線失敗 (套接字 #2, 經過 10 秒等待, 已被判定為超時)!
(11/12/2023 22:19:50) [ Error ] : 連線失敗 (套接字 #2, 經過 10 秒等待, 已被判定為超時)!
(11/12/2023 22:20:01) [ Error ] : 連線失敗 (套接字 #2, 經過 10 秒等待, 已被判定為超時)!
(11/12/2023 22:20:12) [ Error ] : 連線失敗 (套接字 #2, 經過 10 秒等待, 已被判定為超時)!
(11/12/2023 22:20:23) [ Error ] : 連線失敗 (套接字 #2, 經過 10 秒等待, 已被判定為超時)!
(11/12/2023 22:20:34) [ Error ] : 連線失敗 (套接字 #2, 經過 10 秒等待, 已被判定為超時)!
(11/12/2023 22:20:46) [ Error ] : 連線失敗 (套接字 #2, 經過 10 秒等待, 已被判定為超時)!
(11/12/2023 22:20:57) [ Error ] : 連線失敗 (套接字 #2, 經過 10 秒等待, 已被判定為超時)!
(11/12/2023 22:21:08) [ Error ] : 連線失敗 (套接字 #2, 經過 10 秒等待, 已被判定為超時)!
(11/12/2023 22:21:19) [ Error ] : 連線失敗 (套接字 #2, 經過 10 秒等待, 已被判定為超時)!
(11/12/2023 22:21:30) [ Error ] : 連線失敗 (套接字 #2, 經過 10 秒等待, 已被判定為超時)!
(11/12/2023 22:21:41) [ Error ] : 連線失敗 (套接字 #2, 經過 10 秒等待, 已被判定為超時)!
(11/12/2023 22:21:52) [ Error ] : 連線失敗 (套接字 #2, 經過 10 秒等待, 已被判定為超時)!
(11/12/2023 22:22:03) [ Error ] : 連線失敗 (套接字 #2, 經過 10 秒等待, 已被判定為超時)!
(11/12/2023 22:22:14) [ Error ] : 連線失敗 (套接字 #2, 經過 10 秒等待, 已被判定為超時)!
(11/12/2023 22:22:25) [ Error ] : 連線失敗 (套接字 #2, 經過 10 秒等待, 已被判定為超時)!
(11/12/2023 22:22:36) [ Error ] : 連線失敗 (套接字 #2, 經過 10 秒等待, 已被判定為超時)!
(11/12/2023 22:22:47) [ Error ] : 連線失敗 (套接字 #2, 經過 10 秒等待, 已被判定為超時)!
(11/12/2023 22:22:58) [ Error ] : 連線失敗 (套接字 #2, 經過 10 秒等待, 已被判定為超時)!
(11/12/2023 22:23:09) [ Error ] : 連線失敗 (套接字 #2, 經過 10 秒等待, 已被判定為超時)!
(11/12/2023 22:23:21) [ Error ] : 連線失敗 (套接字 #2, 經過 10 秒等待, 已被判定為超時)!
(11/12/2023 22:23:32) [ Error ] : 連線失敗 (套接字 #2, 經過 10 秒等待, 已被判定為超時)!
(11/12/2023 22:23:43) [ Error ] : 連線失敗 (套接字 #2, 經過 10 秒等待, 已被判定為超時)!
(11/12/2023 22:23:54) [ Error ] : 連線失敗 (套接字 #2, 經過 10 秒等待, 已被判定為超時)!
(11/12/2023 22:24:05) [ Error ] : 連線失敗 (套接字 #2, 經過 10 秒等待, 已被判定為超時)!
(11/12/2023 22:24:16) [ Error ] : 連線失敗 (套接字 #2, 經過 10 秒等待, 已被判定為超時)!
(11/12/2023 22:24:49) [ Warning ] : 不推薦使用預設的內部通訊賬號密碼(s1/p1), 建議進行更換.
(11/12/2023 22:25:01) [ Error ] : 連線失敗 (套接字 #2, 經過 10 秒等待, 已被判定為超時)!
(11/12/2023 22:25:12) [ Error ] : 連線失敗 (套接字 #2, 經過 10 秒等待, 已被判定為超時)!
(11/12/2023 22:25:24) [ Error ] : 連線失敗 (套接字 #2, 經過 10 秒等待, 已被判定為超時)!
(11/12/2023 22:25:35) [ Error ] : 連線失敗 (套接字 #2, 經過 10 秒等待, 已被判定為超時)!
(11/12/2023 22:25:46) [ Error ] : 連線失敗 (套接字 #2, 經過 10 秒等待, 已被判定為超時)!
(11/12/2023 22:25:57) [ Error ] : 連線失敗 (套接字 #2, 經過 10 秒等待, 已被判定為超時)!
(11/12/2023 22:26:08) [ Error ] : 連線失敗 (套接字 #2, 經過 10 秒等待, 已被判定為超時)!
(11/12/2023 22:26:19) [ Error ] : 連線失敗 (套接字 #2, 經過 10 秒等待, 已被判定為超時)!
(11/12/2023 22:26:30) [ Error ] : 連線失敗 (套接字 #2, 經過 10 秒等待, 已被判定為超時)!
(11/12/2023 22:26:41) [ Error ] : 連線失敗 (套接字 #2, 經過 10 秒等待, 已被判定為超時)!
(11/12/2023 22:26:52) [ Error ] : 連線失敗 (套接字 #2, 經過 10 秒等待, 已被判定為超時)!
(11/12/2023 22:27:03) [ Error ] : 連線失敗 (套接字 #2, 經過 10 秒等待, 已被判定為超時)!
(11/12/2023 22:27:14) [ Error ] : 連線失敗 (套接字 #2, 經過 10 秒等待, 已被判定為超時)!
(11/12/2023 22:27:25) [ Error ] : 連線失敗 (套接字 #2, 經過 10 秒等待, 已被判定為超時)!
(11/12/2023 22:27:36) [ Error ] : 連線失敗 (套接字 #2, 經過 10 秒等待, 已被判定為超時)!
(11/12/2023 22:27:47) [ Error ] : 連線失敗 (套接字 #2, 經過 10 秒等待, 已被判定為超時)!
(11/12/2023 22:27:58) [ Error ] : 連線失敗 (套接字 #2, 經過 10 秒等待, 已被判定為超時)!
(11/12/2023 22:28:09) [ Error ] : 連線失敗 (套接字 #2, 經過 10 秒等待, 已被判定為超時)!
(11/12/2023 22:28:20) [ Error ] : 連線失敗 (套接字 #2, 經過 10 秒等待, 已被判定為超時)!
(11/12/2023 22:28:31) [ Error ] : 連線失敗 (套接字 #2, 經過 10 秒等待, 已被判定為超時)!
(11/12/2023 22:28:42) [ Error ] : 連線失敗 (套接字 #2, 經過 10 秒等待, 已被判定為超時)!
(11/12/2023 22:28:58) [ Warning ] : 不推薦使用預設的內部通訊賬號密碼(s1/p1), 建議進行更換.
(11/12/2023 22:29:10) [ Error ] : 連線失敗 (套接字 #2, 經過 10 秒等待, 已被判定為超時)!
(11/12/2023 22:29:21) [ Error ] : 連線失敗 (套接字 #2, 經過 10 秒等待, 已被判定為超時)!
(11/12/2023 22:29:32) [ Error ] : 連線失敗 (套接字 #2, 經過 10 秒等待, 已被判定為超時)!
(11/12/2023 22:29:43) [ Error ] : 連線失敗 (套接字 #2, 經過 10 秒等待, 已被判定為超時)!
(11/12/2023 22:29:54) [ Error ] : 連線失敗 (套接字 #2, 經過 10 秒等待, 已被判定為超時)!
(11/12/2023 22:30:05) [ Error ] : 連線失敗 (套接字 #2, 經過 10 秒等待, 已被判定為超時)!
(11/12/2023 22:30:16) [ Error ] : 連線失敗 (套接字 #2, 經過 10 秒等待, 已被判定為超時)!
(11/12/2023 22:30:27) [ Error ] : 連線失敗 (套接字 #2, 經過 10 秒等待, 已被判定為超時)!
(11/12/2023 22:30:38) [ Error ] : 連線失敗 (套接字 #2, 經過 10 秒等待, 已被判定為超時)!
(11/12/2023 22:30:49) [ Error ] : 連線失敗 (套接字 #2, 經過 10 秒等待, 已被判定為超時)!
(11/12/2023 22:31:00) [ Error ] : 連線失敗 (套接字 #2, 經過 10 秒等待, 已被判定為超時)!
(11/12/2023 22:31:11) [ Error ] : 連線失敗 (套接字 #2, 經過 10 秒等待, 已被判定為超時)!
(11/12/2023 22:31:22) [ Error ] : 連線失敗 (套接字 #2, 經過 10 秒等待, 已被判定為超時)!
(11/12/2023 22:31:34) [ Error ] : 連線失敗 (套接字 #2, 經過 10 秒等待, 已被判定為超時)!
(11/12/2023 22:31:45) [ Error ] : 連線失敗 (套接字 #2, 經過 10 秒等待, 已被判定為超時)!
(11/12/2023 22:31:56) [ Error ] : 連線失敗 (套接字 #2, 經過 10 秒等待, 已被判定為超時)!
(11/12/2023 22:32:07) [ Error ] : 連線失敗 (套接字 #2, 經過 10 秒等待, 已被判定為超時)!
(11/12/2023 22:32:18) [ Error ] : 連線失敗 (套接字 #2, 經過 10 秒等待, 已被判定為超時)!
(11/12/2023 22:32:29) [ Error ] : 連線失敗 (套接字 #2, 經過 10 秒等待, 已被判定為超時)!
(11/12/2023 22:32:39) [ Warning ] : 不推薦使用預設的內部通訊賬號密碼(s1/p1), 建議進行更換.
(11/12/2023 22:33:03) [ Warning ] : 不推薦使用預設的內部通訊賬號密碼(s1/p1), 建議進行更換.
(11/12/2023 22:33:15) [ Error ] : 連線失敗 (套接字 #2, 經過 10 秒等待, 已被判定為超時)!
(11/12/2023 22:34:33) [ Warning ] : 不推薦使用預設的內部通訊賬號密碼(s1/p1), 建議進行更換.
(11/12/2023 22:34:44) [ Error ] : 連線失敗 (套接字 #2, 經過 10 秒等待, 已被判定為超時)!
(11/13/2023 01:24:42) [ Warning ] : 不推薦使用預設的內部通訊賬號密碼(s1/p1), 建議進行更換.
(11/13/2023 01:28:33) [ Warning ] : 不推薦使用預設的內部通訊賬號密碼(s1/p1), 建議進行更換.
(11/13/2023 02:01:33) [ Warning ] : 丟失與登入伺服器的連線.

(11/13/2023 10:10:15) [ Warning ] : 不推薦使用預設的內部通訊賬號密碼(s1/p1), 建議進行更換.
(11/14/2023 00:00:56) [ Warning ] : 不推薦使用預設的內部通訊賬號密碼(s1/p1), 建議進行更換.
(11/14/2023 00:02:01) [ SQL Error ] : 資料庫錯誤 - 欄位 'zeny' 的資料已被截斷, 內容可能不完整.
(11/14/2023 00:02:01) [ Debug ] : column - 8
(11/14/2023 00:02:01) [ Debug ] : data   - type=UNSIGNED MYSQL_TYPE_LONG, length=4
(11/14/2023 00:02:01) [ Debug ] : buffer - type=MYSQL_TYPE_LONG, length=4
(11/14/2023 00:02:01) [ SQL Error ] : 資料庫錯誤 - 欄位 'zeny' 的資料已被截斷, 內容可能不完整.
(11/14/2023 00:02:01) [ Debug ] : column - 8
(11/14/2023 00:02:01) [ Debug ] : data   - type=UNSIGNED MYSQL_TYPE_LONG, length=4
(11/14/2023 00:02:01) [ Debug ] : buffer - type=MYSQL_TYPE_LONG, length=4
(11/14/2023 00:02:01) [ SQL Error ] : 資料庫錯誤 - 欄位 'zeny' 的資料已被截斷, 內容可能不完整.
(11/14/2023 00:02:01) [ Debug ] : column - 8
(11/14/2023 00:02:01) [ Debug ] : data   - type=UNSIGNED MYSQL_TYPE_LONG, length=4
(11/14/2023 00:02:01) [ Debug ] : buffer - type=MYSQL_TYPE_LONG, length=4
(11/14/2023 00:02:01) [ SQL Error ] : 資料庫錯誤 - 欄位 'zeny' 的資料已被截斷, 內容可能不完整.
(11/14/2023 00:02:01) [ Debug ] : column - 8
(11/14/2023 00:02:01) [ Debug ] : data   - type=UNSIGNED MYSQL_TYPE_LONG, length=4
(11/14/2023 00:02:01) [ Debug ] : buffer - type=MYSQL_TYPE_LONG, length=4
(11/14/2023 00:02:01) [ SQL Error ] : 資料庫錯誤 - 欄位 'zeny' 的資料已被截斷, 內容可能不完整.
(11/14/2023 00:02:01) [ Debug ] : column - 8
(11/14/2023 00:02:01) [ Debug ] : data   - type=UNSIGNED MYSQL_TYPE_LONG, length=4
(11/14/2023 00:02:01) [ Debug ] : buffer - type=MYSQL_TYPE_LONG, length=4
(11/14/2023 00:02:01) [ SQL Error ] : 資料庫錯誤 - 欄位 'zeny' 的資料已被截斷, 內容可能不完整.
(11/14/2023 00:02:01) [ Debug ] : column - 8
(11/14/2023 00:02:01) [ Debug ] : data   - type=UNSIGNED MYSQL_TYPE_LONG, length=4
(11/14/2023 00:02:01) [ Debug ] : buffer - type=MYSQL_TYPE_LONG, length=4
(11/14/2023 00:02:54) [ SQL Error ] : 資料庫錯誤 - 欄位 'zeny' 的資料已被截斷, 內容可能不完整.
(11/14/2023 00:02:54) [ Debug ] : column - 8
(11/14/2023 00:02:54) [ Debug ] : data   - type=UNSIGNED MYSQL_TYPE_LONG, length=4
(11/14/2023 00:02:54) [ Debug ] : buffer - type=MYSQL_TYPE_LONG, length=4
(11/14/2023 00:02:54) [ SQL Error ] : 資料庫錯誤 - 欄位 'zeny' 的資料已被截斷, 內容可能不完整.
(11/14/2023 00:02:54) [ Debug ] : column - 8
(11/14/2023 00:02:54) [ Debug ] : data   - type=UNSIGNED MYSQL_TYPE_LONG, length=4
(11/14/2023 00:02:54) [ Debug ] : buffer - type=MYSQL_TYPE_LONG, length=4
(11/14/2023 00:02:54) [ SQL Error ] : 資料庫錯誤 - 欄位 'zeny' 的資料已被截斷, 內容可能不完整.
(11/14/2023 00:02:54) [ Debug ] : column - 8
(11/14/2023 00:02:54) [ Debug ] : data   - type=UNSIGNED MYSQL_TYPE_LONG, length=4
(11/14/2023 00:02:54) [ Debug ] : buffer - type=MYSQL_TYPE_LONG, length=4
(11/14/2023 00:02:54) [ SQL Error ] : 資料庫錯誤 - 欄位 'zeny' 的資料已被截斷, 內容可能不完整.
(11/14/2023 00:02:54) [ Debug ] : column - 8
(11/14/2023 00:02:54) [ Debug ] : data   - type=UNSIGNED MYSQL_TYPE_LONG, length=4
(11/14/2023 00:02:54) [ Debug ] : buffer - type=MYSQL_TYPE_LONG, length=4
(11/14/2023 00:02:54) [ SQL Error ] : 資料庫錯誤 - 欄位 'zeny' 的資料已被截斷, 內容可能不完整.
(11/14/2023 00:02:54) [ Debug ] : column - 8
(11/14/2023 00:02:54) [ Debug ] : data   - type=UNSIGNED MYSQL_TYPE_LONG, length=4
(11/14/2023 00:02:54) [ Debug ] : buffer - type=MYSQL_TYPE_LONG, length=4
(11/14/2023 00:02:54) [ SQL Error ] : 資料庫錯誤 - 欄位 'zeny' 的資料已被截斷, 內容可能不完整.
(11/14/2023 00:02:54) [ Debug ] : column - 8
(11/14/2023 00:02:54) [ Debug ] : data   - type=UNSIGNED MYSQL_TYPE_LONG, length=4
(11/14/2023 00:02:54) [ Debug ] : buffer - type=MYSQL_TYPE_LONG, length=4
(11/14/2023 00:05:21) [ SQL Error ] : 資料庫錯誤 - 欄位 'zeny' 的資料已被截斷, 內容可能不完整.
(11/14/2023 00:05:21) [ Debug ] : column - 8
(11/14/2023 00:05:21) [ Debug ] : data   - type=UNSIGNED MYSQL_TYPE_LONG, length=4
(11/14/2023 00:05:21) [ Debug ] : buffer - type=MYSQL_TYPE_LONG, length=4
(11/14/2023 00:05:21) [ SQL Error ] : 資料庫錯誤 - 欄位 'zeny' 的資料已被截斷, 內容可能不完整.
(11/14/2023 00:05:21) [ Debug ] : column - 8
(11/14/2023 00:05:21) [ Debug ] : data   - type=UNSIGNED MYSQL_TYPE_LONG, length=4
(11/14/2023 00:05:21) [ Debug ] : buffer - type=MYSQL_TYPE_LONG, length=4
(11/14/2023 00:05:21) [ SQL Error ] : 資料庫錯誤 - 欄位 'zeny' 的資料已被截斷, 內容可能不完整.
(11/14/2023 00:05:21) [ Debug ] : column - 8
(11/14/2023 00:05:21) [ Debug ] : data   - type=UNSIGNED MYSQL_TYPE_LONG, length=4
(11/14/2023 00:05:21) [ Debug ] : buffer - type=MYSQL_TYPE_LONG, length=4
(11/14/2023 00:05:21) [ SQL Error ] : 資料庫錯誤 - 欄位 'zeny' 的資料已被截斷, 內容可能不完整.
(11/14/2023 00:05:21) [ Debug ] : column - 8
(11/14/2023 00:05:21) [ Debug ] : data   - type=UNSIGNED MYSQL_TYPE_LONG, length=4
(11/14/2023 00:05:21) [ Debug ] : buffer - type=MYSQL_TYPE_LONG, length=4
(11/14/2023 00:05:21) [ SQL Error ] : 資料庫錯誤 - 欄位 'zeny' 的資料已被截斷, 內容可能不完整.
(11/14/2023 00:05:21) [ Debug ] : column - 8
(11/14/2023 00:05:21) [ Debug ] : data   - type=UNSIGNED MYSQL_TYPE_LONG, length=4
(11/14/2023 00:05:21) [ Debug ] : buffer - type=MYSQL_TYPE_LONG, length=4
(11/14/2023 00:05:21) [ SQL Error ] : 資料庫錯誤 - 欄位 'zeny' 的資料已被截斷, 內容可能不完整.
(11/14/2023 00:05:21) [ Debug ] : column - 8
(11/14/2023 00:05:21) [ Debug ] : data   - type=UNSIGNED MYSQL_TYPE_LONG, length=4
(11/14/2023 00:05:21) [ Debug ] : buffer - type=MYSQL_TYPE_LONG, length=4
(11/14/2023 00:47:51) [ Warning ] : 丟失與登入伺服器的連線.

(11/14/2023 09:26:45) [ Warning ] : 不推薦使用預設的內部通訊賬號密碼(s1/p1), 建議進行更換.
(11/14/2023 10:17:21) [ Warning ] : 不推薦使用預設的內部通訊賬號密碼(s1/p1), 建議進行更換.
(11/14/2023 23:42:26) [ Warning ] : 不推薦使用預設的內部通訊賬號密碼(s1/p1), 建議進行更換.
(11/15/2023 12:41:04) [ Warning ] : 丟失與登入伺服器的連線.

(11/15/2023 12:44:36) [ Warning ] : 不推薦使用預設的內部通訊賬號密碼(s1/p1), 建議進行更換.
(11/15/2023 12:44:39) [ Warning ] : 丟失與登入伺服器的連線.

(11/27/2023 12:01:43) [ Warning ] : 不推薦使用預設的內部通訊賬號密碼(s1/p1), 建議進行更換.
(11/27/2023 22:36:31) [ Warning ] : 不推薦使用預設的內部通訊賬號密碼(s1/p1), 建議進行更換.
(11/28/2023 23:42:40) [ Warning ] : 不推薦使用預設的內部通訊賬號密碼(s1/p1), 建議進行更換.
